[Tue Dec 29 2015 10:54:43 GMT+0800 (中国标准时间)]/
TypeError: first argument must be a string or Buffer
    at ServerResponse.OutgoingMessage.write (_http_outgoing.js:433:11)
    at e:\arachne\web\trunk\static\mvvm_bigpipe\routes\index.js:66:13
    at tryRender (e:\arachne\web\trunk\static\mvvm_bigpipe\node_modules\express\lib\application.js:641:5)
    at EventEmitter.render (e:\arachne\web\trunk\static\mvvm_bigpipe\node_modules\express\lib\application.js:591:3)
    at ServerResponse.render (e:\arachne\web\trunk\static\mvvm_bigpipe\node_modules\express\lib\response.js:961:7)
    at e:\arachne\web\trunk\static\mvvm_bigpipe\routes\index.js:63:9
    at Layer.handle [as handle_request] (e:\arachne\web\trunk\static\mvvm_bigpipe\node_modules\express\lib\router\layer.js:95:5)
    at next (e:\arachne\web\trunk\static\mvvm_bigpipe\node_modules\express\lib\router\route.js:131:13)
    at Route.dispatch (e:\arachne\web\trunk\static\mvvm_bigpipe\node_modules\express\lib\router\route.js:112:3)
    at Layer.handle [as handle_request] (e:\arachne\web\trunk\static\mvvm_bigpipe\node_modules\express\lib\router\layer.js:95:5)
[Tue Dec 29 2015 10:55:36 GMT+0800 (中国标准时间)]/
TypeError: first argument must be a string or Buffer
    at ServerResponse.OutgoingMessage.write (_http_outgoing.js:433:11)
    at e:\arachne\web\trunk\static\mvvm_bigpipe\routes\index.js:66:13
    at tryRender (e:\arachne\web\trunk\static\mvvm_bigpipe\node_modules\express\lib\application.js:641:5)
    at EventEmitter.render (e:\arachne\web\trunk\static\mvvm_bigpipe\node_modules\express\lib\application.js:591:3)
    at ServerResponse.render (e:\arachne\web\trunk\static\mvvm_bigpipe\node_modules\express\lib\response.js:961:7)
    at e:\arachne\web\trunk\static\mvvm_bigpipe\routes\index.js:63:9
    at Layer.handle [as handle_request] (e:\arachne\web\trunk\static\mvvm_bigpipe\node_modules\express\lib\router\layer.js:95:5)
    at next (e:\arachne\web\trunk\static\mvvm_bigpipe\node_modules\express\lib\router\route.js:131:13)
    at Route.dispatch (e:\arachne\web\trunk\static\mvvm_bigpipe\node_modules\express\lib\router\route.js:112:3)
    at Layer.handle [as handle_request] (e:\arachne\web\trunk\static\mvvm_bigpipe\node_modules\express\lib\router\layer.js:95:5)
[Tue Dec 29 2015 10:55:48 GMT+0800 (中国标准时间)]/
TypeError: first argument must be a string or Buffer
    at ServerResponse.OutgoingMessage.write (_http_outgoing.js:433:11)
    at e:\arachne\web\trunk\static\mvvm_bigpipe\routes\index.js:66:13
    at tryRender (e:\arachne\web\trunk\static\mvvm_bigpipe\node_modules\express\lib\application.js:641:5)
    at EventEmitter.render (e:\arachne\web\trunk\static\mvvm_bigpipe\node_modules\express\lib\application.js:591:3)
    at ServerResponse.render (e:\arachne\web\trunk\static\mvvm_bigpipe\node_modules\express\lib\response.js:961:7)
    at e:\arachne\web\trunk\static\mvvm_bigpipe\routes\index.js:63:9
    at Layer.handle [as handle_request] (e:\arachne\web\trunk\static\mvvm_bigpipe\node_modules\express\lib\router\layer.js:95:5)
    at next (e:\arachne\web\trunk\static\mvvm_bigpipe\node_modules\express\lib\router\route.js:131:13)
    at Route.dispatch (e:\arachne\web\trunk\static\mvvm_bigpipe\node_modules\express\lib\router\route.js:112:3)
    at Layer.handle [as handle_request] (e:\arachne\web\trunk\static\mvvm_bigpipe\node_modules\express\lib\router\layer.js:95:5)
[Tue Dec 29 2015 10:55:55 GMT+0800 (中国标准时间)]/
TypeError: first argument must be a string or Buffer
    at ServerResponse.OutgoingMessage.write (_http_outgoing.js:433:11)
    at e:\arachne\web\trunk\static\mvvm_bigpipe\routes\index.js:66:13
    at tryRender (e:\arachne\web\trunk\static\mvvm_bigpipe\node_modules\express\lib\application.js:641:5)
    at EventEmitter.render (e:\arachne\web\trunk\static\mvvm_bigpipe\node_modules\express\lib\application.js:591:3)
    at ServerResponse.render (e:\arachne\web\trunk\static\mvvm_bigpipe\node_modules\express\lib\response.js:961:7)
    at e:\arachne\web\trunk\static\mvvm_bigpipe\routes\index.js:63:9
    at Layer.handle [as handle_request] (e:\arachne\web\trunk\static\mvvm_bigpipe\node_modules\express\lib\router\layer.js:95:5)
    at next (e:\arachne\web\trunk\static\mvvm_bigpipe\node_modules\express\lib\router\route.js:131:13)
    at Route.dispatch (e:\arachne\web\trunk\static\mvvm_bigpipe\node_modules\express\lib\router\route.js:112:3)
    at Layer.handle [as handle_request] (e:\arachne\web\trunk\static\mvvm_bigpipe\node_modules\express\lib\router\layer.js:95:5)
[Tue Dec 29 2015 10:56:18 GMT+0800 (中国标准时间)]/
TypeError: first argument must be a string or Buffer
    at ServerResponse.OutgoingMessage.write (_http_outgoing.js:433:11)
    at e:\arachne\web\trunk\static\mvvm_bigpipe\routes\index.js:67:13
    at tryRender (e:\arachne\web\trunk\static\mvvm_bigpipe\node_modules\express\lib\application.js:641:5)
    at EventEmitter.render (e:\arachne\web\trunk\static\mvvm_bigpipe\node_modules\express\lib\application.js:591:3)
    at ServerResponse.render (e:\arachne\web\trunk\static\mvvm_bigpipe\node_modules\express\lib\response.js:961:7)
    at e:\arachne\web\trunk\static\mvvm_bigpipe\routes\index.js:64:9
    at Layer.handle [as handle_request] (e:\arachne\web\trunk\static\mvvm_bigpipe\node_modules\express\lib\router\layer.js:95:5)
    at next (e:\arachne\web\trunk\static\mvvm_bigpipe\node_modules\express\lib\router\route.js:131:13)
    at Route.dispatch (e:\arachne\web\trunk\static\mvvm_bigpipe\node_modules\express\lib\router\route.js:112:3)
    at Layer.handle [as handle_request] (e:\arachne\web\trunk\static\mvvm_bigpipe\node_modules\express\lib\router\layer.js:95:5)
